<?xml version="1.0" encoding="UTF-8"?>
<testng-results ignored="0" total="2" passed="2" failed="0" skipped="0">
  <reporter-output>
  </reporter-output>
  <suite started-at="2023-11-07T11:59:08 IST" name="Surefire suite" finished-at="2023-11-07T11:59:08 IST" duration-ms="60">
    <groups>
    </groups>
    <test started-at="2023-11-07T11:59:08 IST" name="Surefire test" finished-at="2023-11-07T11:59:08 IST" duration-ms="60">
      <class name="com.lbrce.cse2.UserValidationTest">
        <test-method signature="testCase1()[pri:0, instance:com.lbrce.cse2.UserValidationTest@589b3632]" started-at="2023-11-07T11:59:08 IST" name="testCase1" finished-at="2023-11-07T11:59:08 IST" duration-ms="17" status="PASS">
          <reporter-output>
          </reporter-output>
        </test-method> <!-- testCase1 -->
        <test-method signature="testCase2()[pri:0, instance:com.lbrce.cse2.UserValidationTest@589b3632]" started-at="2023-11-07T11:59:08 IST" name="testCase2" finished-at="2023-11-07T11:59:08 IST" duration-ms="0" status="PASS">
          <reporter-output>
          </reporter-output>
        </test-method> <!-- testCase2 -->
      </class> <!-- com.lbrce.cse2.UserValidationTest -->
    </test> <!-- Surefire test -->
  </suite> <!-- Surefire suite -->
</testng-results>
